0 info it worked if it ends with ok
1 verbose cli [ 'node', '/usr/local/bin/npm', 'update', '-g', 'ionic' ]
2 info using npm@1.4.28
3 info using node@v0.10.36
4 verbose request where is /ionic
5 verbose request registry https://registry.npmjs.org/
6 verbose request id 48425d7e06396e83
7 verbose url raw /ionic
8 verbose url resolving [ 'https://registry.npmjs.org/', './ionic' ]
9 verbose url resolved https://registry.npmjs.org/ionic
10 verbose request where is https://registry.npmjs.org/ionic
11 info trying registry request attempt 1 at 13:20:35
12 verbose etag "4ATWGJ3AN044LUUQ5ANQ61BOW"
13 http GET https://registry.npmjs.org/ionic
14 http 200 https://registry.npmjs.org/ionic
15 silly registry.get cb [ 200,
15 silly registry.get   { date: 'Wed, 04 Feb 2015 20:20:36 GMT',
15 silly registry.get     server: 'CouchDB/1.5.0 (Erlang OTP/R16B03)',
15 silly registry.get     etag: '"3GPZEVVSUJLF76I3SPSCPME59"',
15 silly registry.get     'content-type': 'application/json',
15 silly registry.get     'cache-control': 'max-age=60',
15 silly registry.get     'content-length': '196027',
15 silly registry.get     'accept-ranges': 'bytes',
15 silly registry.get     via: '1.1 varnish',
15 silly registry.get     age: '0',
15 silly registry.get     'x-served-by': 'cache-lax1426-LAX',
15 silly registry.get     'x-cache': 'HIT',
15 silly registry.get     'x-cache-hits': '1',
15 silly registry.get     'x-timer': 'S1423081236.352927,VS0,VE41',
15 silly registry.get     vary: 'Accept',
15 silly registry.get     'keep-alive': 'timeout=10, max=50',
15 silly registry.get     connection: 'Keep-Alive' } ]
16 info outdated updating [ [ '/usr/local/lib', 'ionic', '1.3.3', '1.3.7', '1.3.7', 'latest' ] ]
17 verbose install where,what [ '/usr/local/lib', [ 'ionic@1.3.7' ] ]
18 verbose cache add [ 'ionic@1.3.7', null ]
19 verbose cache add name=undefined spec="ionic@1.3.7" args=["ionic@1.3.7",null]
20 verbose parsed url { protocol: null,
20 verbose parsed url   slashes: null,
20 verbose parsed url   auth: null,
20 verbose parsed url   host: null,
20 verbose parsed url   port: null,
20 verbose parsed url   hostname: null,
20 verbose parsed url   hash: null,
20 verbose parsed url   search: null,
20 verbose parsed url   query: null,
20 verbose parsed url   pathname: 'ionic@1.3.7',
20 verbose parsed url   path: 'ionic@1.3.7',
20 verbose parsed url   href: 'ionic@1.3.7' }
21 verbose cache add name="ionic" spec="1.3.7" args=["ionic","1.3.7"]
22 verbose parsed url { protocol: null,
22 verbose parsed url   slashes: null,
22 verbose parsed url   auth: null,
22 verbose parsed url   host: null,
22 verbose parsed url   port: null,
22 verbose parsed url   hostname: null,
22 verbose parsed url   hash: null,
22 verbose parsed url   search: null,
22 verbose parsed url   query: null,
22 verbose parsed url   pathname: '1.3.7',
22 verbose parsed url   path: '1.3.7',
22 verbose parsed url   href: '1.3.7' }
23 verbose addNamed [ 'ionic', '1.3.7' ]
24 verbose addNamed [ '1.3.7', '1.3.7' ]
25 silly lockFile 6c2c3300-ionic-1-3-7 ionic@1.3.7
26 verbose lock ionic@1.3.7 /Users/korean/.npm/6c2c3300-ionic-1-3-7.lock
27 verbose request where is /ionic
28 verbose request registry https://registry.npmjs.org/
29 verbose url raw /ionic
30 verbose url resolving [ 'https://registry.npmjs.org/', './ionic' ]
31 verbose url resolved https://registry.npmjs.org/ionic
32 verbose request where is https://registry.npmjs.org/ionic
33 info trying registry request attempt 1 at 13:20:57
34 verbose etag "3GPZEVVSUJLF76I3SPSCPME59"
35 http GET https://registry.npmjs.org/ionic
36 http 304 https://registry.npmjs.org/ionic
37 silly registry.get cb [ 304,
37 silly registry.get   { date: 'Wed, 04 Feb 2015 20:20:57 GMT',
37 silly registry.get     server: 'Apache',
37 silly registry.get     via: '1.1 varnish',
37 silly registry.get     'last-modified': 'Wed, 04 Feb 2015 20:20:57 GMT',
37 silly registry.get     'cache-control': 'max-age=60',
37 silly registry.get     etag: '"3GPZEVVSUJLF76I3SPSCPME59"',
37 silly registry.get     age: '21',
37 silly registry.get     'x-served-by': 'cache-lax1435-LAX',
37 silly registry.get     'x-cache': 'HIT',
37 silly registry.get     'x-cache-hits': '1',
37 silly registry.get     'x-timer': 'S1423081257.585985,VS0,VE1',
37 silly registry.get     vary: 'Accept',
37 silly registry.get     'content-length': '0',
37 silly registry.get     'keep-alive': 'timeout=10, max=50',
37 silly registry.get     connection: 'Keep-Alive' } ]
38 verbose etag https://registry.npmjs.org/ionic from cache
39 silly lockFile aff5d59f--npmjs-org-ionic-ionic-1-3-7-tgz https://registry.npmjs.org/ionic/-/ionic-1.3.7.tgz
40 verbose lock https://registry.npmjs.org/ionic/-/ionic-1.3.7.tgz /Users/korean/.npm/aff5d59f--npmjs-org-ionic-ionic-1-3-7-tgz.lock
41 verbose addRemoteTarball [ 'https://registry.npmjs.org/ionic/-/ionic-1.3.7.tgz',
41 verbose addRemoteTarball   'cf7f2f83308e54a0c7931ffc92c65f3939c95f11' ]
42 info retry fetch attempt 1 at 13:20:57
43 verbose fetch to= /var/folders/xj/2hwq1rw52rz4t51stnlrcw4c0000gn/T/npm-1326-FByC2X_3/registry.npmjs.org/ionic/-/ionic-1.3.7.tgz
44 http GET https://registry.npmjs.org/ionic/-/ionic-1.3.7.tgz
45 http 200 https://registry.npmjs.org/ionic/-/ionic-1.3.7.tgz
46 silly lockFile aff5d59f--npmjs-org-ionic-ionic-1-3-7-tgz https://registry.npmjs.org/ionic/-/ionic-1.3.7.tgz
47 silly lockFile aff5d59f--npmjs-org-ionic-ionic-1-3-7-tgz https://registry.npmjs.org/ionic/-/ionic-1.3.7.tgz
48 silly lockFile 6c2c3300-ionic-1-3-7 ionic@1.3.7
49 silly lockFile 6c2c3300-ionic-1-3-7 ionic@1.3.7
50 error Error: EACCES, mkdir '/Users/korean/.npm/ionic/1.3.7'
50 error  { [Error: EACCES, mkdir '/Users/korean/.npm/ionic/1.3.7']
50 error   errno: 3,
50 error   code: 'EACCES',
50 error   path: '/Users/korean/.npm/ionic/1.3.7' }
51 error Please try running this command again as root/Administrator.
52 error System Darwin 11.4.2
53 error command "node" "/usr/local/bin/npm" "update" "-g" "ionic"
54 error cwd /Users/korean/Documents/repos/roundabout-ionic
55 error node -v v0.10.36
56 error npm -v 1.4.28
57 error path /Users/korean/.npm/ionic/1.3.7
58 error code EACCES
59 error errno 3
60 error stack Error: EACCES, mkdir '/Users/korean/.npm/ionic/1.3.7'
61 verbose exit [ 3, true ]
