0 info it worked if it ends with ok
1 verbose cli [ 'node', '/usr/local/bin/npm', 'install' ]
2 info using npm@1.4.28
3 info using node@v0.10.36
4 warn package.json roundabout@1.0.0 No repository field.
5 warn package.json roundabout@1.0.0 No README data
6 verbose readDependencies using package.json deps
7 verbose install where, deps [ '/Users/korean/Documents/repos/roundabout-ionic/roundabout',
7 verbose install   [ 'gulp',
7 verbose install     'gulp-sass',
7 verbose install     'gulp-concat',
7 verbose install     'gulp-minify-css',
7 verbose install     'gulp-rename',
7 verbose install     'bower',
7 verbose install     'gulp-util',
7 verbose install     'shelljs' ] ]
8 info preinstall roundabout@1.0.0
9 verbose readDependencies using package.json deps
10 verbose cache add [ 'gulp@^3.5.6', null ]
11 verbose cache add name=undefined spec="gulp@^3.5.6" args=["gulp@^3.5.6",null]
12 verbose parsed url { protocol: null,
12 verbose parsed url   slashes: null,
12 verbose parsed url   auth: null,
12 verbose parsed url   host: null,
12 verbose parsed url   port: null,
12 verbose parsed url   hostname: null,
12 verbose parsed url   hash: null,
12 verbose parsed url   search: null,
12 verbose parsed url   query: null,
12 verbose parsed url   pathname: 'gulp@^3.5.6',
12 verbose parsed url   path: 'gulp@^3.5.6',
12 verbose parsed url   href: 'gulp@^3.5.6' }
13 verbose cache add [ 'gulp-sass@^0.7.1', null ]
14 verbose cache add name=undefined spec="gulp-sass@^0.7.1" args=["gulp-sass@^0.7.1",null]
15 verbose parsed url { protocol: null,
15 verbose parsed url   slashes: null,
15 verbose parsed url   auth: null,
15 verbose parsed url   host: null,
15 verbose parsed url   port: null,
15 verbose parsed url   hostname: null,
15 verbose parsed url   hash: null,
15 verbose parsed url   search: null,
15 verbose parsed url   query: null,
15 verbose parsed url   pathname: 'gulp-sass@^0.7.1',
15 verbose parsed url   path: 'gulp-sass@^0.7.1',
15 verbose parsed url   href: 'gulp-sass@^0.7.1' }
16 verbose cache add name="gulp" spec="^3.5.6" args=["gulp","^3.5.6"]
17 verbose parsed url { protocol: null,
17 verbose parsed url   slashes: null,
17 verbose parsed url   auth: null,
17 verbose parsed url   host: null,
17 verbose parsed url   port: null,
17 verbose parsed url   hostname: null,
17 verbose parsed url   hash: null,
17 verbose parsed url   search: null,
17 verbose parsed url   query: null,
17 verbose parsed url   pathname: '^3.5.6',
17 verbose parsed url   path: '^3.5.6',
17 verbose parsed url   href: '^3.5.6' }
18 verbose addNamed [ 'gulp', '^3.5.6' ]
19 verbose addNamed [ null, '>=3.5.6-0 <4.0.0-0' ]
20 verbose cache add [ 'gulp-concat@^2.2.0', null ]
21 verbose cache add name=undefined spec="gulp-concat@^2.2.0" args=["gulp-concat@^2.2.0",null]
22 verbose parsed url { protocol: null,
22 verbose parsed url   slashes: null,
22 verbose parsed url   auth: null,
22 verbose parsed url   host: null,
22 verbose parsed url   port: null,
22 verbose parsed url   hostname: null,
22 verbose parsed url   hash: null,
22 verbose parsed url   search: null,
22 verbose parsed url   query: null,
22 verbose parsed url   pathname: 'gulp-concat@^2.2.0',
22 verbose parsed url   path: 'gulp-concat@^2.2.0',
22 verbose parsed url   href: 'gulp-concat@^2.2.0' }
23 verbose cache add [ 'gulp-minify-css@^0.3.0', null ]
24 verbose cache add name=undefined spec="gulp-minify-css@^0.3.0" args=["gulp-minify-css@^0.3.0",null]
25 verbose parsed url { protocol: null,
25 verbose parsed url   slashes: null,
25 verbose parsed url   auth: null,
25 verbose parsed url   host: null,
25 verbose parsed url   port: null,
25 verbose parsed url   hostname: null,
25 verbose parsed url   hash: null,
25 verbose parsed url   search: null,
25 verbose parsed url   query: null,
25 verbose parsed url   pathname: 'gulp-minify-css@^0.3.0',
25 verbose parsed url   path: 'gulp-minify-css@^0.3.0',
25 verbose parsed url   href: 'gulp-minify-css@^0.3.0' }
26 verbose cache add [ 'gulp-rename@^1.2.0', null ]
27 verbose cache add name=undefined spec="gulp-rename@^1.2.0" args=["gulp-rename@^1.2.0",null]
28 verbose parsed url { protocol: null,
28 verbose parsed url   slashes: null,
28 verbose parsed url   auth: null,
28 verbose parsed url   host: null,
28 verbose parsed url   port: null,
28 verbose parsed url   hostname: null,
28 verbose parsed url   hash: null,
28 verbose parsed url   search: null,
28 verbose parsed url   query: null,
28 verbose parsed url   pathname: 'gulp-rename@^1.2.0',
28 verbose parsed url   path: 'gulp-rename@^1.2.0',
28 verbose parsed url   href: 'gulp-rename@^1.2.0' }
29 verbose cache add name="gulp-sass" spec="^0.7.1" args=["gulp-sass","^0.7.1"]
30 verbose parsed url { protocol: null,
30 verbose parsed url   slashes: null,
30 verbose parsed url   auth: null,
30 verbose parsed url   host: null,
30 verbose parsed url   port: null,
30 verbose parsed url   hostname: null,
30 verbose parsed url   hash: null,
30 verbose parsed url   search: null,
30 verbose parsed url   query: null,
30 verbose parsed url   pathname: '^0.7.1',
30 verbose parsed url   path: '^0.7.1',
30 verbose parsed url   href: '^0.7.1' }
31 verbose addNamed [ 'gulp-sass', '^0.7.1' ]
32 verbose addNamed [ null, '>=0.7.1-0 <0.8.0-0' ]
33 silly lockFile 28ac0b1b-gulp-3-5-6 gulp@^3.5.6
34 verbose lock gulp@^3.5.6 /Users/korean/.npm/28ac0b1b-gulp-3-5-6.lock
35 silly lockFile 77100620-gulp-sass-0-7-1 gulp-sass@^0.7.1
36 verbose lock gulp-sass@^0.7.1 /Users/korean/.npm/77100620-gulp-sass-0-7-1.lock
37 verbose cache add name="gulp-concat" spec="^2.2.0" args=["gulp-concat","^2.2.0"]
38 verbose parsed url { protocol: null,
38 verbose parsed url   slashes: null,
38 verbose parsed url   auth: null,
38 verbose parsed url   host: null,
38 verbose parsed url   port: null,
38 verbose parsed url   hostname: null,
38 verbose parsed url   hash: null,
38 verbose parsed url   search: null,
38 verbose parsed url   query: null,
38 verbose parsed url   pathname: '^2.2.0',
38 verbose parsed url   path: '^2.2.0',
38 verbose parsed url   href: '^2.2.0' }
39 verbose addNamed [ 'gulp-concat', '^2.2.0' ]
40 verbose addNamed [ null, '>=2.2.0-0 <3.0.0-0' ]
41 silly lockFile bade1119-gulp-concat-2-2-0 gulp-concat@^2.2.0
42 verbose lock gulp-concat@^2.2.0 /Users/korean/.npm/bade1119-gulp-concat-2-2-0.lock
43 verbose cache add name="gulp-minify-css" spec="^0.3.0" args=["gulp-minify-css","^0.3.0"]
44 verbose parsed url { protocol: null,
44 verbose parsed url   slashes: null,
44 verbose parsed url   auth: null,
44 verbose parsed url   host: null,
44 verbose parsed url   port: null,
44 verbose parsed url   hostname: null,
44 verbose parsed url   hash: null,
44 verbose parsed url   search: null,
44 verbose parsed url   query: null,
44 verbose parsed url   pathname: '^0.3.0',
44 verbose parsed url   path: '^0.3.0',
44 verbose parsed url   href: '^0.3.0' }
45 verbose addNamed [ 'gulp-minify-css', '^0.3.0' ]
46 verbose addNamed [ null, '>=0.3.0-0 <0.4.0-0' ]
47 silly lockFile 97140670-gulp-minify-css-0-3-0 gulp-minify-css@^0.3.0
48 verbose lock gulp-minify-css@^0.3.0 /Users/korean/.npm/97140670-gulp-minify-css-0-3-0.lock
49 verbose cache add name="gulp-rename" spec="^1.2.0" args=["gulp-rename","^1.2.0"]
50 verbose parsed url { protocol: null,
50 verbose parsed url   slashes: null,
50 verbose parsed url   auth: null,
50 verbose parsed url   host: null,
50 verbose parsed url   port: null,
50 verbose parsed url   hostname: null,
50 verbose parsed url   hash: null,
50 verbose parsed url   search: null,
50 verbose parsed url   query: null,
50 verbose parsed url   pathname: '^1.2.0',
50 verbose parsed url   path: '^1.2.0',
50 verbose parsed url   href: '^1.2.0' }
51 verbose addNamed [ 'gulp-rename', '^1.2.0' ]
52 verbose addNamed [ null, '>=1.2.0-0 <2.0.0-0' ]
53 silly lockFile 31cef36d-gulp-rename-1-2-0 gulp-rename@^1.2.0
54 verbose lock gulp-rename@^1.2.0 /Users/korean/.npm/31cef36d-gulp-rename-1-2-0.lock
55 verbose cache add [ 'bower@^1.3.3', null ]
56 verbose cache add name=undefined spec="bower@^1.3.3" args=["bower@^1.3.3",null]
57 verbose parsed url { protocol: null,
57 verbose parsed url   slashes: null,
57 verbose parsed url   auth: null,
57 verbose parsed url   host: null,
57 verbose parsed url   port: null,
57 verbose parsed url   hostname: null,
57 verbose parsed url   hash: null,
57 verbose parsed url   search: null,
57 verbose parsed url   query: null,
57 verbose parsed url   pathname: 'bower@^1.3.3',
57 verbose parsed url   path: 'bower@^1.3.3',
57 verbose parsed url   href: 'bower@^1.3.3' }
58 verbose cache add [ 'gulp-util@^2.2.14', null ]
59 verbose cache add name=undefined spec="gulp-util@^2.2.14" args=["gulp-util@^2.2.14",null]
60 verbose parsed url { protocol: null,
60 verbose parsed url   slashes: null,
60 verbose parsed url   auth: null,
60 verbose parsed url   host: null,
60 verbose parsed url   port: null,
60 verbose parsed url   hostname: null,
60 verbose parsed url   hash: null,
60 verbose parsed url   search: null,
60 verbose parsed url   query: null,
60 verbose parsed url   pathname: 'gulp-util@^2.2.14',
60 verbose parsed url   path: 'gulp-util@^2.2.14',
60 verbose parsed url   href: 'gulp-util@^2.2.14' }
61 verbose cache add [ 'shelljs@^0.3.0', null ]
62 verbose cache add name=undefined spec="shelljs@^0.3.0" args=["shelljs@^0.3.0",null]
63 verbose parsed url { protocol: null,
63 verbose parsed url   slashes: null,
63 verbose parsed url   auth: null,
63 verbose parsed url   host: null,
63 verbose parsed url   port: null,
63 verbose parsed url   hostname: null,
63 verbose parsed url   hash: null,
63 verbose parsed url   search: null,
63 verbose parsed url   query: null,
63 verbose parsed url   pathname: 'shelljs@^0.3.0',
63 verbose parsed url   path: 'shelljs@^0.3.0',
63 verbose parsed url   href: 'shelljs@^0.3.0' }
64 verbose cache add name="bower" spec="^1.3.3" args=["bower","^1.3.3"]
65 verbose parsed url { protocol: null,
65 verbose parsed url   slashes: null,
65 verbose parsed url   auth: null,
65 verbose parsed url   host: null,
65 verbose parsed url   port: null,
65 verbose parsed url   hostname: null,
65 verbose parsed url   hash: null,
65 verbose parsed url   search: null,
65 verbose parsed url   query: null,
65 verbose parsed url   pathname: '^1.3.3',
65 verbose parsed url   path: '^1.3.3',
65 verbose parsed url   href: '^1.3.3' }
66 verbose addNamed [ 'bower', '^1.3.3' ]
67 verbose addNamed [ null, '>=1.3.3-0 <2.0.0-0' ]
68 silly lockFile 0aa5c27e-bower-1-3-3 bower@^1.3.3
69 verbose lock bower@^1.3.3 /Users/korean/.npm/0aa5c27e-bower-1-3-3.lock
70 verbose cache add name="gulp-util" spec="^2.2.14" args=["gulp-util","^2.2.14"]
71 verbose parsed url { protocol: null,
71 verbose parsed url   slashes: null,
71 verbose parsed url   auth: null,
71 verbose parsed url   host: null,
71 verbose parsed url   port: null,
71 verbose parsed url   hostname: null,
71 verbose parsed url   hash: null,
71 verbose parsed url   search: null,
71 verbose parsed url   query: null,
71 verbose parsed url   pathname: '^2.2.14',
71 verbose parsed url   path: '^2.2.14',
71 verbose parsed url   href: '^2.2.14' }
72 verbose addNamed [ 'gulp-util', '^2.2.14' ]
73 verbose addNamed [ null, '>=2.2.14-0 <3.0.0-0' ]
74 silly lockFile e3e5f16b-gulp-util-2-2-14 gulp-util@^2.2.14
75 verbose lock gulp-util@^2.2.14 /Users/korean/.npm/e3e5f16b-gulp-util-2-2-14.lock
76 verbose cache add name="shelljs" spec="^0.3.0" args=["shelljs","^0.3.0"]
77 verbose parsed url { protocol: null,
77 verbose parsed url   slashes: null,
77 verbose parsed url   auth: null,
77 verbose parsed url   host: null,
77 verbose parsed url   port: null,
77 verbose parsed url   hostname: null,
77 verbose parsed url   hash: null,
77 verbose parsed url   search: null,
77 verbose parsed url   query: null,
77 verbose parsed url   pathname: '^0.3.0',
77 verbose parsed url   path: '^0.3.0',
77 verbose parsed url   href: '^0.3.0' }
78 verbose addNamed [ 'shelljs', '^0.3.0' ]
79 verbose addNamed [ null, '>=0.3.0-0 <0.4.0-0' ]
80 silly lockFile 1ddaa962-shelljs-0-3-0 shelljs@^0.3.0
81 verbose lock shelljs@^0.3.0 /Users/korean/.npm/1ddaa962-shelljs-0-3-0.lock
82 silly addNameRange { name: 'gulp', range: '>=3.5.6-0 <4.0.0-0', hasData: false }
83 silly addNameRange { name: 'gulp-minify-css',
83 silly addNameRange   range: '>=0.3.0-0 <0.4.0-0',
83 silly addNameRange   hasData: false }
84 silly addNameRange { name: 'gulp-concat',
84 silly addNameRange   range: '>=2.2.0-0 <3.0.0-0',
84 silly addNameRange   hasData: false }
85 silly addNameRange { name: 'gulp-rename',
85 silly addNameRange   range: '>=1.2.0-0 <2.0.0-0',
85 silly addNameRange   hasData: false }
86 silly addNameRange { name: 'gulp-sass',
86 silly addNameRange   range: '>=0.7.1-0 <0.8.0-0',
86 silly addNameRange   hasData: false }
87 silly addNameRange { name: 'bower', range: '>=1.3.3-0 <2.0.0-0', hasData: false }
88 silly addNameRange { name: 'gulp-util',
88 silly addNameRange   range: '>=2.2.14-0 <3.0.0-0',
88 silly addNameRange   hasData: false }
89 silly addNameRange { name: 'shelljs', range: '>=0.3.0-0 <0.4.0-0', hasData: false }
90 verbose request where is /gulp-concat
91 verbose request registry https://registry.npmjs.org/
92 verbose request id 635219b8cc9ad940
93 verbose url raw /gulp-concat
94 verbose url resolving [ 'https://registry.npmjs.org/', './gulp-concat' ]
95 verbose url resolved https://registry.npmjs.org/gulp-concat
96 verbose request where is https://registry.npmjs.org/gulp-concat
97 info trying registry request attempt 1 at 14:38:17
98 verbose etag "ECV4QCK20QJ4GJP4VVSQQFMS6"
99 http GET https://registry.npmjs.org/gulp-concat
100 verbose request where is /gulp-rename
101 verbose request registry https://registry.npmjs.org/
102 verbose url raw /gulp-rename
103 verbose url resolving [ 'https://registry.npmjs.org/', './gulp-rename' ]
104 verbose url resolved https://registry.npmjs.org/gulp-rename
105 verbose request where is https://registry.npmjs.org/gulp-rename
106 info trying registry request attempt 1 at 14:38:17
107 verbose etag "A74K1BT6222QOOITQTDDB5O0J"
108 http GET https://registry.npmjs.org/gulp-rename
109 verbose request where is /gulp-minify-css
110 verbose request registry https://registry.npmjs.org/
111 verbose url raw /gulp-minify-css
112 verbose url resolving [ 'https://registry.npmjs.org/', './gulp-minify-css' ]
113 verbose url resolved https://registry.npmjs.org/gulp-minify-css
114 verbose request where is https://registry.npmjs.org/gulp-minify-css
115 info trying registry request attempt 1 at 14:38:17
116 verbose etag "3MXMWONH4HH6L9NQCY3S9UTIL"
117 http GET https://registry.npmjs.org/gulp-minify-css
118 verbose request where is /gulp-sass
119 verbose request registry https://registry.npmjs.org/
120 verbose url raw /gulp-sass
121 verbose url resolving [ 'https://registry.npmjs.org/', './gulp-sass' ]
122 verbose url resolved https://registry.npmjs.org/gulp-sass
123 verbose request where is https://registry.npmjs.org/gulp-sass
124 info trying registry request attempt 1 at 14:38:17
125 verbose etag "85MJGNKZGK0FPTLSD38G3AB7N"
126 http GET https://registry.npmjs.org/gulp-sass
127 verbose request where is /gulp-util
128 verbose request registry https://registry.npmjs.org/
129 verbose url raw /gulp-util
130 verbose url resolving [ 'https://registry.npmjs.org/', './gulp-util' ]
131 verbose url resolved https://registry.npmjs.org/gulp-util
132 verbose request where is https://registry.npmjs.org/gulp-util
133 info trying registry request attempt 1 at 14:38:17
134 verbose etag "DANZF0D18ACKV9IBK4HYUJJ6Y"
135 http GET https://registry.npmjs.org/gulp-util
136 verbose request where is /gulp
137 verbose request registry https://registry.npmjs.org/
138 verbose url raw /gulp
139 verbose url resolving [ 'https://registry.npmjs.org/', './gulp' ]
140 verbose url resolved https://registry.npmjs.org/gulp
141 verbose request where is https://registry.npmjs.org/gulp
142 info trying registry request attempt 1 at 14:38:18
143 verbose etag "ATWEBW95E97MAGE26BGAMRFMD"
144 http GET https://registry.npmjs.org/gulp
145 verbose request where is /bower
146 verbose request registry https://registry.npmjs.org/
147 verbose url raw /bower
148 verbose url resolving [ 'https://registry.npmjs.org/', './bower' ]
149 verbose url resolved https://registry.npmjs.org/bower
150 verbose request where is https://registry.npmjs.org/bower
151 info trying registry request attempt 1 at 14:38:18
152 verbose etag "8FD8A8K2RXG72C3UV06FGS1DR"
153 http GET https://registry.npmjs.org/bower
154 verbose request where is /shelljs
155 verbose request registry https://registry.npmjs.org/
156 verbose url raw /shelljs
157 verbose url resolving [ 'https://registry.npmjs.org/', './shelljs' ]
158 verbose url resolved https://registry.npmjs.org/shelljs
159 verbose request where is https://registry.npmjs.org/shelljs
160 info trying registry request attempt 1 at 14:38:18
161 verbose etag "3USLV7LWLZIN3QM2VB75RERYU"
162 http GET https://registry.npmjs.org/shelljs
163 http 200 https://registry.npmjs.org/gulp-rename
164 silly registry.get cb [ 200,
164 silly registry.get   { date: 'Wed, 25 Feb 2015 21:38:18 GMT',
164 silly registry.get     server: 'CouchDB/1.5.0 (Erlang OTP/R16B03)',
164 silly registry.get     etag: '"BYPSIUQXQX81FZ8WMXZOCMQLI"',
164 silly registry.get     'content-type': 'application/json',
164 silly registry.get     'cache-control': 'max-age=60',
164 silly registry.get     'content-length': '10128',
164 silly registry.get     'accept-ranges': 'bytes',
164 silly registry.get     via: '1.1 varnish',
164 silly registry.get     age: '53',
164 silly registry.get     'x-served-by': 'cache-sjc3125-SJC',
164 silly registry.get     'x-cache': 'HIT',
164 silly registry.get     'x-cache-hits': '2',
164 silly registry.get     'x-timer': 'S1424900298.497881,VS0,VE0',
164 silly registry.get     vary: 'Accept',
164 silly registry.get     'keep-alive': 'timeout=10, max=50',
164 silly registry.get     connection: 'Keep-Alive' } ]
165 silly addNameRange number 2 { name: 'gulp-rename',
165 silly addNameRange   range: '>=1.2.0-0 <2.0.0-0',
165 silly addNameRange   hasData: true }
166 silly addNameRange versions [ 'gulp-rename',
166 silly addNameRange   [ '0.1.0', '0.2.1', '0.2.2', '1.0.0', '1.1.0', '1.2.0' ] ]
167 verbose addNamed [ 'gulp-rename', '1.2.0' ]
168 verbose addNamed [ '1.2.0', '1.2.0' ]
169 silly lockFile 5981c611-gulp-rename-1-2-0 gulp-rename@1.2.0
170 verbose lock gulp-rename@1.2.0 /Users/korean/.npm/5981c611-gulp-rename-1-2-0.lock
171 silly lockFile 5981c611-gulp-rename-1-2-0 gulp-rename@1.2.0
172 silly lockFile 5981c611-gulp-rename-1-2-0 gulp-rename@1.2.0
173 silly lockFile 31cef36d-gulp-rename-1-2-0 gulp-rename@^1.2.0
174 silly lockFile 31cef36d-gulp-rename-1-2-0 gulp-rename@^1.2.0
175 http 200 https://registry.npmjs.org/gulp-minify-css
176 silly registry.get cb [ 200,
176 silly registry.get   { date: 'Wed, 25 Feb 2015 21:38:18 GMT',
176 silly registry.get     server: 'CouchDB/1.5.0 (Erlang OTP/R16B03)',
176 silly registry.get     etag: '"4AOH8BNZ7RNUEW9X0ZNJHSPAM"',
176 silly registry.get     'content-type': 'application/json',
176 silly registry.get     'cache-control': 'max-age=60',
176 silly registry.get     'content-length': '37162',
176 silly registry.get     'accept-ranges': 'bytes',
176 silly registry.get     via: '1.1 varnish',
176 silly registry.get     age: '21',
176 silly registry.get     'x-served-by': 'cache-sjc3131-SJC',
176 silly registry.get     'x-cache': 'HIT',
176 silly registry.get     'x-cache-hits': '1',
176 silly registry.get     'x-timer': 'S1424900298.507628,VS0,VE0',
176 silly registry.get     vary: 'Accept',
176 silly registry.get     'keep-alive': 'timeout=10, max=50',
176 silly registry.get     connection: 'Keep-Alive' } ]
177 silly addNameRange number 2 { name: 'gulp-minify-css',
177 silly addNameRange   range: '>=0.3.0-0 <0.4.0-0',
177 silly addNameRange   hasData: true }
178 silly addNameRange versions [ 'gulp-minify-css',
178 silly addNameRange   [ '0.0.1',
178 silly addNameRange     '0.1.0',
178 silly addNameRange     '0.2.0',
178 silly addNameRange     '0.3.0',
178 silly addNameRange     '0.3.1',
178 silly addNameRange     '0.3.2',
178 silly addNameRange     '0.3.3',
178 silly addNameRange     '0.3.4',
178 silly addNameRange     '0.3.5',
178 silly addNameRange     '0.3.6',
178 silly addNameRange     '0.3.7',
178 silly addNameRange     '0.3.8',
178 silly addNameRange     '0.3.9',
178 silly addNameRange     '0.3.10',
178 silly addNameRange     '0.3.11',
178 silly addNameRange     '0.3.12',
178 silly addNameRange     '0.3.13',
178 silly addNameRange     '0.4.0',
178 silly addNameRange     '0.4.1',
178 silly addNameRange     '0.4.2',
178 silly addNameRange     '0.4.3',
178 silly addNameRange     '0.4.4',
178 silly addNameRange     '0.4.5',
178 silly addNameRange     '0.4.6' ] ]
179 verbose addNamed [ 'gulp-minify-css', '0.3.13' ]
180 verbose addNamed [ '0.3.13', '0.3.13' ]
181 silly lockFile 9038a954-gulp-minify-css-0-3-13 gulp-minify-css@0.3.13
182 verbose lock gulp-minify-css@0.3.13 /Users/korean/.npm/9038a954-gulp-minify-css-0-3-13.lock
183 silly lockFile 9038a954-gulp-minify-css-0-3-13 gulp-minify-css@0.3.13
184 silly lockFile 9038a954-gulp-minify-css-0-3-13 gulp-minify-css@0.3.13
185 silly lockFile 97140670-gulp-minify-css-0-3-0 gulp-minify-css@^0.3.0
186 silly lockFile 97140670-gulp-minify-css-0-3-0 gulp-minify-css@^0.3.0
187 http 200 https://registry.npmjs.org/gulp-sass
188 silly registry.get cb [ 200,
188 silly registry.get   { date: 'Wed, 25 Feb 2015 21:38:18 GMT',
188 silly registry.get     server: 'CouchDB/1.5.0 (Erlang OTP/R16B03)',
188 silly registry.get     etag: '"89FCEJLCBYC4TLHX5R35T3GVA"',
188 silly registry.get     'content-type': 'application/json',
188 silly registry.get     'cache-control': 'max-age=60',
188 silly registry.get     'content-length': '32126',
188 silly registry.get     'accept-ranges': 'bytes',
188 silly registry.get     via: '1.1 varnish',
188 silly registry.get     age: '0',
188 silly registry.get     'x-served-by': 'cache-sjc3129-SJC',
188 silly registry.get     'x-cache': 'HIT',
188 silly registry.get     'x-cache-hits': '1',
188 silly registry.get     'x-timer': 'S1424900298.498037,VS0,VE83',
188 silly registry.get     vary: 'Accept',
188 silly registry.get     'keep-alive': 'timeout=10, max=50',
188 silly registry.get     connection: 'Keep-Alive' } ]
189 silly addNameRange number 2 { name: 'gulp-sass', range: '>=0.7.1-0 <0.8.0-0', hasData: true }
190 silly addNameRange versions [ 'gulp-sass',
190 silly addNameRange   [ '0.1.0',
190 silly addNameRange     '0.2.1',
190 silly addNameRange     '0.2.2',
190 silly addNameRange     '0.2.3',
190 silly addNameRange     '0.3.0',
190 silly addNameRange     '0.4.0',
190 silly addNameRange     '0.4.1',
190 silly addNameRange     '0.5.0',
190 silly addNameRange     '0.5.1',
190 silly addNameRange     '0.5.2',
190 silly addNameRange     '0.6.0',
190 silly addNameRange     '0.7.0',
190 silly addNameRange     '0.7.1',
190 silly addNameRange     '0.7.2',
190 silly addNameRange     '0.7.3',
190 silly addNameRange     '1.0.0',
190 silly addNameRange     '1.1.0',
190 silly addNameRange     '1.2.0',
190 silly addNameRange     '1.2.1',
190 silly addNameRange     '1.2.2',
190 silly addNameRange     '1.2.3',
190 silly addNameRange     '1.2.4',
190 silly addNameRange     '1.3.0',
190 silly addNameRange     '1.3.1',
190 silly addNameRange     '1.3.2',
190 silly addNameRange     '1.3.3' ] ]
191 verbose addNamed [ 'gulp-sass', '0.7.3' ]
192 verbose addNamed [ '0.7.3', '0.7.3' ]
193 silly lockFile 721f0c96-gulp-sass-0-7-3 gulp-sass@0.7.3
194 verbose lock gulp-sass@0.7.3 /Users/korean/.npm/721f0c96-gulp-sass-0-7-3.lock
195 http 200 https://registry.npmjs.org/gulp-util
196 silly registry.get cb [ 200,
196 silly registry.get   { date: 'Wed, 25 Feb 2015 21:38:18 GMT',
196 silly registry.get     server: 'CouchDB/1.5.0 (Erlang OTP/R16B03)',
196 silly registry.get     etag: '"6WE1PU08REFU0NBDMRDFEWYIK"',
196 silly registry.get     'content-type': 'application/json',
196 silly registry.get     'cache-control': 'max-age=60',
196 silly registry.get     'content-length': '55540',
196 silly registry.get     'accept-ranges': 'bytes',
196 silly registry.get     via: '1.1 varnish',
196 silly registry.get     age: '56',
196 silly registry.get     'x-served-by': 'cache-sjc3127-SJC',
196 silly registry.get     'x-cache': 'HIT',
196 silly registry.get     'x-cache-hits': '1',
196 silly registry.get     'x-timer': 'S1424900298.500214,VS0,VE0',
196 silly registry.get     vary: 'Accept',
196 silly registry.get     'keep-alive': 'timeout=10, max=50',
196 silly registry.get     connection: 'Keep-Alive' } ]
197 http 200 https://registry.npmjs.org/gulp-concat
198 silly registry.get cb [ 200,
198 silly registry.get   { date: 'Wed, 25 Feb 2015 21:38:18 GMT',
198 silly registry.get     server: 'CouchDB/1.5.0 (Erlang OTP/R16B03)',
198 silly registry.get     etag: '"44PH2TI8KSC1L18XIGU1KWVP6"',
198 silly registry.get     'content-type': 'application/json',
198 silly registry.get     'cache-control': 'max-age=60',
198 silly registry.get     'content-length': '34931',
198 silly registry.get     'accept-ranges': 'bytes',
198 silly registry.get     via: '1.1 varnish',
198 silly registry.get     age: '22',
198 silly registry.get     'x-served-by': 'cache-sjc3122-SJC',
198 silly registry.get     'x-cache': 'HIT',
198 silly registry.get     'x-cache-hits': '1',
198 silly registry.get     'x-timer': 'S1424900298.504706,VS0,VE0',
198 silly registry.get     vary: 'Accept',
198 silly registry.get     'keep-alive': 'timeout=10, max=50',
198 silly registry.get     connection: 'Keep-Alive' } ]
199 silly addNameRange number 2 { name: 'gulp-util',
199 silly addNameRange   range: '>=2.2.14-0 <3.0.0-0',
199 silly addNameRange   hasData: true }
200 silly addNameRange versions [ 'gulp-util',
200 silly addNameRange   [ '0.0.1',
200 silly addNameRange     '1.0.0',
200 silly addNameRange     '1.1.0',
200 silly addNameRange     '1.1.1',
200 silly addNameRange     '1.2.0',
200 silly addNameRange     '1.3.0',
200 silly addNameRange     '2.0.0',
200 silly addNameRange     '2.1.1',
200 silly addNameRange     '2.1.2',
200 silly addNameRange     '2.1.3',
200 silly addNameRange     '2.1.4',
200 silly addNameRange     '2.2.0',
200 silly addNameRange     '2.2.1',
200 silly addNameRange     '2.2.2',
200 silly addNameRange     '2.2.3',
200 silly addNameRange     '2.2.5',
200 silly addNameRange     '2.2.6',
200 silly addNameRange     '2.2.7',
200 silly addNameRange     '2.2.8',
200 silly addNameRange     '2.2.9',
200 silly addNameRange     '2.2.10',
200 silly addNameRange     '2.2.11',
200 silly addNameRange     '2.2.12',
200 silly addNameRange     '2.2.13',
200 silly addNameRange     '2.2.14',
200 silly addNameRange     '2.2.15',
200 silly addNameRange     '2.2.16',
200 silly addNameRange     '2.2.17',
200 silly addNameRange     '2.2.18',
200 silly addNameRange     '2.2.19',
200 silly addNameRange     '2.2.20',
200 silly addNameRange     '3.0.0',
200 silly addNameRange     '3.0.1',
200 silly addNameRange     '3.0.2',
200 silly addNameRange     '3.0.3',
200 silly addNameRange     '3.0.4' ] ]
201 verbose addNamed [ 'gulp-util', '2.2.20' ]
202 verbose addNamed [ '2.2.20', '2.2.20' ]
203 silly lockFile 48c194cb-gulp-util-2-2-20 gulp-util@2.2.20
204 verbose lock gulp-util@2.2.20 /Users/korean/.npm/48c194cb-gulp-util-2-2-20.lock
205 silly addNameRange number 2 { name: 'gulp-concat',
205 silly addNameRange   range: '>=2.2.0-0 <3.0.0-0',
205 silly addNameRange   hasData: true }
206 silly addNameRange versions [ 'gulp-concat',
206 silly addNameRange   [ '0.0.1',
206 silly addNameRange     '1.0.0',
206 silly addNameRange     '1.1.0',
206 silly addNameRange     '2.0.0',
206 silly addNameRange     '2.1.0',
206 silly addNameRange     '2.1.1',
206 silly addNameRange     '2.1.2',
206 silly addNameRange     '2.1.3',
206 silly addNameRange     '2.1.4',
206 silly addNameRange     '2.1.5',
206 silly addNameRange     '2.1.6',
206 silly addNameRange     '2.1.7',
206 silly addNameRange     '2.2.0',
206 silly addNameRange     '2.3.0',
206 silly addNameRange     '2.3.3',
206 silly addNameRange     '2.3.4',
206 silly addNameRange     '2.3.5',
206 silly addNameRange     '2.4.0',
206 silly addNameRange     '2.4.1',
206 silly addNameRange     '2.4.2',
206 silly addNameRange     '2.4.3',
206 silly addNameRange     '2.5.0',
206 silly addNameRange     '2.5.1',
206 silly addNameRange     '2.5.2' ] ]
207 verbose addNamed [ 'gulp-concat', '2.5.2' ]
208 verbose addNamed [ '2.5.2', '2.5.2' ]
209 silly lockFile f86cbda2-gulp-concat-2-5-2 gulp-concat@2.5.2
210 verbose lock gulp-concat@2.5.2 /Users/korean/.npm/f86cbda2-gulp-concat-2-5-2.lock
211 silly lockFile 721f0c96-gulp-sass-0-7-3 gulp-sass@0.7.3
212 silly lockFile 721f0c96-gulp-sass-0-7-3 gulp-sass@0.7.3
213 silly lockFile 77100620-gulp-sass-0-7-1 gulp-sass@^0.7.1
214 silly lockFile 77100620-gulp-sass-0-7-1 gulp-sass@^0.7.1
215 silly lockFile 2b63d021-ulp-concat-gulp-concat-2-5-2-tgz https://registry.npmjs.org/gulp-concat/-/gulp-concat-2.5.2.tgz
216 verbose lock https://registry.npmjs.org/gulp-concat/-/gulp-concat-2.5.2.tgz /Users/korean/.npm/2b63d021-ulp-concat-gulp-concat-2-5-2-tgz.lock
217 verbose addRemoteTarball [ 'https://registry.npmjs.org/gulp-concat/-/gulp-concat-2.5.2.tgz',
217 verbose addRemoteTarball   'd644372cdc2b3cdb421a8a941c8d74e21d815f14' ]
218 silly lockFile 48c194cb-gulp-util-2-2-20 gulp-util@2.2.20
219 silly lockFile 48c194cb-gulp-util-2-2-20 gulp-util@2.2.20
220 silly lockFile e3e5f16b-gulp-util-2-2-14 gulp-util@^2.2.14
221 silly lockFile e3e5f16b-gulp-util-2-2-14 gulp-util@^2.2.14
222 info retry fetch attempt 1 at 14:38:18
223 verbose fetch to= /var/folders/xj/2hwq1rw52rz4t51stnlrcw4c0000gn/T/npm-1635-eAv_SvEp/registry.npmjs.org/gulp-concat/-/gulp-concat-2.5.2.tgz
224 http GET https://registry.npmjs.org/gulp-concat/-/gulp-concat-2.5.2.tgz
225 http 200 https://registry.npmjs.org/gulp
226 silly registry.get cb [ 200,
226 silly registry.get   { date: 'Wed, 25 Feb 2015 21:38:18 GMT',
226 silly registry.get     server: 'CouchDB/1.5.0 (Erlang OTP/R16B03)',
226 silly registry.get     etag: '"9MDNGGC9E67LH57448I145CSR"',
226 silly registry.get     'content-type': 'application/json',
226 silly registry.get     'cache-control': 'max-age=60',
226 silly registry.get     'content-length': '100150',
226 silly registry.get     'accept-ranges': 'bytes',
226 silly registry.get     via: '1.1 varnish',
226 silly registry.get     age: '0',
226 silly registry.get     'x-served-by': 'cache-sjc3125-SJC',
226 silly registry.get     'x-cache': 'HIT',
226 silly registry.get     'x-cache-hits': '1',
226 silly registry.get     'x-timer': 'S1424900298.553084,VS0,VE37',
226 silly registry.get     vary: 'Accept',
226 silly registry.get     'keep-alive': 'timeout=10, max=49',
226 silly registry.get     connection: 'Keep-Alive' } ]
227 silly addNameRange number 2 { name: 'gulp', range: '>=3.5.6-0 <4.0.0-0', hasData: true }
228 silly addNameRange versions [ 'gulp',
228 silly addNameRange   [ '0.0.1',
228 silly addNameRange     '0.0.2',
228 silly addNameRange     '0.0.3',
228 silly addNameRange     '0.0.4',
228 silly addNameRange     '0.0.5',
228 silly addNameRange     '0.0.7',
228 silly addNameRange     '0.0.8',
228 silly addNameRange     '0.0.9',
228 silly addNameRange     '0.1.0',
228 silly addNameRange     '0.2.0',
228 silly addNameRange     '1.0.0',
228 silly addNameRange     '1.1.0',
228 silly addNameRange     '1.2.0',
228 silly addNameRange     '1.2.1',
228 silly addNameRange     '2.0.0',
228 silly addNameRange     '2.0.1',
228 silly addNameRange     '2.1.0',
228 silly addNameRange     '2.2.0',
228 silly addNameRange     '2.3.0',
228 silly addNameRange     '2.4.0',
228 silly addNameRange     '2.4.1',
228 silly addNameRange     '2.6.0',
228 silly addNameRange     '2.6.1',
228 silly addNameRange     '2.7.0',
228 silly addNameRange     '3.0.0',
228 silly addNameRange     '3.1.1',
228 silly addNameRange     '3.1.2',
228 silly addNameRange     '3.1.3',
228 silly addNameRange     '3.1.4',
228 silly addNameRange     '3.2.0',
228 silly addNameRange     '3.2.1',
228 silly addNameRange     '3.2.2',
228 silly addNameRange     '3.2.3',
228 silly addNameRange     '3.2.4',
228 silly addNameRange     '3.2.5',
228 silly addNameRange     '3.3.0',
228 silly addNameRange     '3.3.1',
228 silly addNameRange     '3.3.2',
228 silly addNameRange     '3.3.4',
228 silly addNameRange     '3.4.0',
228 silly addNameRange     '3.5.0',
228 silly addNameRange     '3.5.1',
228 silly addNameRange     '3.5.2',
228 silly addNameRange     '3.5.5',
228 silly addNameRange     '3.5.6',
228 silly addNameRange     '3.6.0',
228 silly addNameRange     '3.6.1',
228 silly addNameRange     '3.6.2',
228 silly addNameRange     '3.7.0',
228 silly addNameRange     '3.8.0',
228 silly addNameRange     '3.8.1',
228 silly addNameRange     '3.8.2',
228 silly addNameRange     '3.8.3',
228 silly addNameRange     '3.8.4',
228 silly addNameRange     '3.8.5',
228 silly addNameRange     '3.8.6',
228 silly addNameRange     '3.8.7',
228 silly addNameRange     '3.8.8',
228 silly addNameRange     '3.8.9',
228 silly addNameRange     '3.8.10',
228 silly addNameRange     '3.8.11' ] ]
229 verbose addNamed [ 'gulp', '3.8.11' ]
230 verbose addNamed [ '3.8.11', '3.8.11' ]
231 silly lockFile 3d31ec08-gulp-3-8-11 gulp@3.8.11
232 verbose lock gulp@3.8.11 /Users/korean/.npm/3d31ec08-gulp-3-8-11.lock
233 silly lockFile 2528ddbe-y-npmjs-org-gulp-gulp-3-8-11-tgz https://registry.npmjs.org/gulp/-/gulp-3.8.11.tgz
234 verbose lock https://registry.npmjs.org/gulp/-/gulp-3.8.11.tgz /Users/korean/.npm/2528ddbe-y-npmjs-org-gulp-gulp-3-8-11-tgz.lock
235 verbose addRemoteTarball [ 'https://registry.npmjs.org/gulp/-/gulp-3.8.11.tgz',
235 verbose addRemoteTarball   'd557e0a7283eb4136491969b0497767972f1d28a' ]
236 info retry fetch attempt 1 at 14:38:18
237 verbose fetch to= /var/folders/xj/2hwq1rw52rz4t51stnlrcw4c0000gn/T/npm-1635-eAv_SvEp/registry.npmjs.org/gulp/-/gulp-3.8.11.tgz
238 http GET https://registry.npmjs.org/gulp/-/gulp-3.8.11.tgz
239 http 200 https://registry.npmjs.org/shelljs
240 silly registry.get cb [ 200,
240 silly registry.get   { date: 'Wed, 25 Feb 2015 21:38:18 GMT',
240 silly registry.get     server: 'CouchDB/1.5.0 (Erlang OTP/R16B03)',
240 silly registry.get     etag: '"F2YS8IJ8T0I39UTROARC2U97Q"',
240 silly registry.get     'content-type': 'application/json',
240 silly registry.get     'cache-control': 'max-age=60',
240 silly registry.get     'content-length': '48774',
240 silly registry.get     'accept-ranges': 'bytes',
240 silly registry.get     via: '1.1 varnish',
240 silly registry.get     age: '29',
240 silly registry.get     'x-served-by': 'cache-sjc3129-SJC',
240 silly registry.get     'x-cache': 'HIT',
240 silly registry.get     'x-cache-hits': '2',
240 silly registry.get     'x-timer': 'S1424900298.722028,VS0,VE0',
240 silly registry.get     vary: 'Accept',
240 silly registry.get     'keep-alive': 'timeout=10, max=49',
240 silly registry.get     connection: 'Keep-Alive' } ]
241 silly addNameRange number 2 { name: 'shelljs', range: '>=0.3.0-0 <0.4.0-0', hasData: true }
242 silly addNameRange versions [ 'shelljs',
242 silly addNameRange   [ '0.0.1',
242 silly addNameRange     '0.0.2',
242 silly addNameRange     '0.0.3',
242 silly addNameRange     '0.0.4',
242 silly addNameRange     '0.0.5',
242 silly addNameRange     '0.0.6',
242 silly addNameRange     '0.0.7',
242 silly addNameRange     '0.0.8',
242 silly addNameRange     '0.0.9',
242 silly addNameRange     '0.1.0',
242 silly addNameRange     '0.1.1',
242 silly addNameRange     '0.1.2',
242 silly addNameRange     '0.1.3',
242 silly addNameRange     '0.1.4',
242 silly addNameRange     '0.2.0',
242 silly addNameRange     '0.2.1',
242 silly addNameRange     '0.2.2',
242 silly addNameRange     '0.2.3',
242 silly addNameRange     '0.2.4',
242 silly addNameRange     '0.2.5',
242 silly addNameRange     '0.2.6',
242 silly addNameRange     '0.3.0',
242 silly addNameRange     '0.0.1-alpha1',
242 silly addNameRange     '0.0.2-pre1',
242 silly addNameRange     '0.0.4-pre1',
242 silly addNameRange     '0.0.5-pre1',
242 silly addNameRange     '0.0.5-pre2',
242 silly addNameRange     '0.0.5-pre3',
242 silly addNameRange     '0.0.5-pre4',
242 silly addNameRange     '0.0.6-pre1',
242 silly addNameRange     '0.0.6-pre2' ] ]
243 verbose addNamed [ 'shelljs', '0.3.0' ]
244 verbose addNamed [ '0.3.0', '0.3.0' ]
245 silly lockFile 7d3918b1-shelljs-0-3-0 shelljs@0.3.0
246 verbose lock shelljs@0.3.0 /Users/korean/.npm/7d3918b1-shelljs-0-3-0.lock
247 http 200 https://registry.npmjs.org/bower
248 silly registry.get cb [ 200,
248 silly registry.get   { date: 'Wed, 25 Feb 2015 21:38:18 GMT',
248 silly registry.get     server: 'CouchDB/1.5.0 (Erlang OTP/R16B03)',
248 silly registry.get     etag: '"EMNQ71QUAG5QKZ2FXIXF0G245"',
248 silly registry.get     'content-type': 'application/json',
248 silly registry.get     'cache-control': 'max-age=60',
248 silly registry.get     'content-length': '106481',
248 silly registry.get     'accept-ranges': 'bytes',
248 silly registry.get     via: '1.1 varnish',
248 silly registry.get     age: '35',
248 silly registry.get     'x-served-by': 'cache-sjc3131-SJC',
248 silly registry.get     'x-cache': 'HIT',
248 silly registry.get     'x-cache-hits': '1',
248 silly registry.get     'x-timer': 'S1424900298.681416,VS0,VE0',
248 silly registry.get     vary: 'Accept',
248 silly registry.get     'keep-alive': 'timeout=10, max=49',
248 silly registry.get     connection: 'Keep-Alive' } ]
249 silly addNameRange number 2 { name: 'bower', range: '>=1.3.3-0 <2.0.0-0', hasData: true }
250 silly addNameRange versions [ 'bower',
250 silly addNameRange   [ '0.1.0',
250 silly addNameRange     '0.1.2',
250 silly addNameRange     '0.1.3',
250 silly addNameRange     '0.2.0',
250 silly addNameRange     '0.3.0',
250 silly addNameRange     '0.3.1',
250 silly addNameRange     '0.3.2',
250 silly addNameRange     '0.4.0',
250 silly addNameRange     '0.5.0',
250 silly addNameRange     '0.5.1',
250 silly addNameRange     '0.6.0',
250 silly addNameRange     '0.6.1',
250 silly addNameRange     '0.6.2',
250 silly addNameRange     '0.6.3',
250 silly addNameRange     '0.6.4',
250 silly addNameRange     '0.6.5',
250 silly addNameRange     '0.6.6',
250 silly addNameRange     '0.6.7',
250 silly addNameRange     '0.6.8',
250 silly addNameRange     '0.7.0',
250 silly addNameRange     '0.7.1',
250 silly addNameRange     '0.8.0',
250 silly addNameRange     '0.8.1',
250 silly addNameRange     '0.8.2',
250 silly addNameRange     '0.8.3',
250 silly addNameRange     '0.8.4',
250 silly addNameRange     '0.8.5',
250 silly addNameRange     '0.8.6',
250 silly addNameRange     '0.9.0',
250 silly addNameRange     '0.9.1',
250 silly addNameRange     '0.9.2',
250 silly addNameRange     '0.10.0',
250 silly addNameRange     '1.0.0',
250 silly addNameRange     '1.0.1',
250 silly addNameRange     '1.0.2',
250 silly addNameRange     '1.0.3',
250 silly addNameRange     '1.1.0',
250 silly addNameRange     '1.1.1',
250 silly addNameRange     '1.1.2',
250 silly addNameRange     '1.2.0',
250 silly addNameRange     '1.2.1',
250 silly addNameRange     '1.2.2',
250 silly addNameRange     '1.2.3',
250 silly addNameRange     '1.2.4',
250 silly addNameRange     '1.2.5',
250 silly addNameRange     '1.2.6',
250 silly addNameRange     '1.2.7',
250 silly addNameRange     '1.2.8',
250 silly addNameRange     '1.3.0',
250 silly addNameRange     '1.3.1',
250 silly addNameRange     '1.3.2',
250 silly addNameRange     '1.3.3',
250 silly addNameRange     '1.3.4',
250 silly addNameRange     '1.3.5',
250 silly addNameRange     '1.3.6',
250 silly addNameRange     '1.3.7',
250 silly addNameRange     '1.3.8',
250 silly addNameRange     '1.3.9',
250 silly addNameRange     '1.3.10',
250 silly addNameRange     '1.3.11',
250 silly addNameRange     '1.3.12' ] ]
251 verbose addNamed [ 'bower', '1.3.12' ]
252 verbose addNamed [ '1.3.12', '1.3.12' ]
253 silly lockFile 9819431c-bower-1-3-12 bower@1.3.12
254 verbose lock bower@1.3.12 /Users/korean/.npm/9819431c-bower-1-3-12.lock
255 silly lockFile 7d3918b1-shelljs-0-3-0 shelljs@0.3.0
256 silly lockFile 7d3918b1-shelljs-0-3-0 shelljs@0.3.0
257 silly lockFile 1ddaa962-shelljs-0-3-0 shelljs@^0.3.0
258 silly lockFile 1ddaa962-shelljs-0-3-0 shelljs@^0.3.0
259 silly lockFile 9819431c-bower-1-3-12 bower@1.3.12
260 silly lockFile 9819431c-bower-1-3-12 bower@1.3.12
261 silly lockFile 0aa5c27e-bower-1-3-3 bower@^1.3.3
262 silly lockFile 0aa5c27e-bower-1-3-3 bower@^1.3.3
263 http 200 https://registry.npmjs.org/gulp-concat/-/gulp-concat-2.5.2.tgz
264 silly lockFile 2b63d021-ulp-concat-gulp-concat-2-5-2-tgz https://registry.npmjs.org/gulp-concat/-/gulp-concat-2.5.2.tgz
265 silly lockFile 2b63d021-ulp-concat-gulp-concat-2-5-2-tgz https://registry.npmjs.org/gulp-concat/-/gulp-concat-2.5.2.tgz
266 silly lockFile f86cbda2-gulp-concat-2-5-2 gulp-concat@2.5.2
267 silly lockFile f86cbda2-gulp-concat-2-5-2 gulp-concat@2.5.2
268 silly lockFile bade1119-gulp-concat-2-2-0 gulp-concat@^2.2.0
269 silly lockFile bade1119-gulp-concat-2-2-0 gulp-concat@^2.2.0
270 http 200 https://registry.npmjs.org/gulp/-/gulp-3.8.11.tgz
271 silly lockFile 2528ddbe-y-npmjs-org-gulp-gulp-3-8-11-tgz https://registry.npmjs.org/gulp/-/gulp-3.8.11.tgz
272 silly lockFile 2528ddbe-y-npmjs-org-gulp-gulp-3-8-11-tgz https://registry.npmjs.org/gulp/-/gulp-3.8.11.tgz
273 silly lockFile 3d31ec08-gulp-3-8-11 gulp@3.8.11
274 silly lockFile 3d31ec08-gulp-3-8-11 gulp@3.8.11
275 silly lockFile 28ac0b1b-gulp-3-5-6 gulp@^3.5.6
276 silly lockFile 28ac0b1b-gulp-3-5-6 gulp@^3.5.6
277 error Error: EACCES, mkdir '/Users/korean/.npm/gulp/3.8.11'
277 error  { [Error: EACCES, mkdir '/Users/korean/.npm/gulp/3.8.11']
277 error   errno: 3,
277 error   code: 'EACCES',
277 error   path: '/Users/korean/.npm/gulp/3.8.11',
277 error   parent: 'roundabout' }
278 error Please try running this command again as root/Administrator.
279 error System Darwin 11.4.2
280 error command "node" "/usr/local/bin/npm" "install"
281 error cwd /Users/korean/Documents/repos/roundabout-ionic/roundabout
282 error node -v v0.10.36
283 error npm -v 1.4.28
284 error path /Users/korean/.npm/gulp/3.8.11
285 error code EACCES
286 error errno 3
287 error stack Error: EACCES, mkdir '/Users/korean/.npm/gulp/3.8.11'
288 verbose exit [ 3, true ]
